{"/Users/nataliabaida/Desktop/homeworks netology/ajs-3-homeworks/3 test-ci/test-ci-2/src/sortHeroesByHealth.js": {"path":"/Users/nataliabaida/Desktop/homeworks netology/ajs-3-homeworks/3 test-ci/test-ci-2/src/sortHeroesByHealth.js","statementMap":{"0":{"start":{"line":2,"column":19},"end":{"line":2,"column":33}},"1":{"start":{"line":3,"column":4},"end":{"line":3,"column":47}},"2":{"start":{"line":3,"column":26},"end":{"line":3,"column":45}},"3":{"start":{"line":4,"column":4},"end":{"line":4,"column":18}}},"fnMap":{"0":{"name":"sortHeroesByHealth","decl":{"start":{"line":1,"column":24},"end":{"line":1,"column":42}},"loc":{"start":{"line":1,"column":51},"end":{"line":5,"column":1}},"line":1},"1":{"name":"(anonymous_1)","decl":{"start":{"line":3,"column":16},"end":{"line":3,"column":17}},"loc":{"start":{"line":3,"column":26},"end":{"line":3,"column":45}},"line":3}},"branchMap":{},"s":{"0":1,"1":1,"2":4,"3":1},"f":{"0":1,"1":4},"b":{},"_coverageSchema":"1a1c01bbd47fc00a2c39e90264f33305004495a9","hash":"c951ed38b83ca9622c1dd21d26391541cd4307b3"}
}
